[2024-07-14 14:04:26,738: INFO: cnnClassifierLogger: Ketki this side !! This is cutomized log]
[2024-07-14 20:38:34,295: INFO: cnnClassifierLogger: This is Ketki !! Welcome to my custom log !]
[2024-07-14 21:50:53,916: INFO: cnnClassifierLogger: This is Ketki !! Welcome to my custom log !]
[2024-07-15 12:09:06,816: INFO: cnnClassifierLogger: yaml file:config\config.yaml loaded successfully]
[2024-07-15 12:09:06,862: INFO: cnnClassifierLogger: yaml file:params.yaml loaded successfully]
[2024-07-15 12:09:06,862: INFO: cnnClassifierLogger: created directory at: artifact]
[2024-07-15 12:10:21,120: INFO: cnnClassifierLogger: yaml file:config\config.yaml loaded successfully]
[2024-07-15 12:10:21,184: INFO: cnnClassifierLogger: yaml file:params.yaml loaded successfully]
[2024-07-15 12:10:21,186: INFO: cnnClassifierLogger: created directory at: artifact]
[2024-07-15 12:10:25,994: INFO: cnnClassifierLogger: yaml file:config\config.yaml loaded successfully]
[2024-07-15 12:10:25,997: INFO: cnnClassifierLogger: yaml file:params.yaml loaded successfully]
[2024-07-15 12:10:25,999: INFO: cnnClassifierLogger: created directory at: artifact]
[2024-07-15 12:14:47,519: INFO: cnnClassifierLogger: yaml file:config\config.yaml loaded successfully]
[2024-07-15 12:14:47,519: INFO: cnnClassifierLogger: yaml file:params.yaml loaded successfully]
[2024-07-15 12:14:47,524: INFO: cnnClassifierLogger: Config loaded: {'artifacts_root': 'artifact', 'data_ingestion': None, 'root_dir': 'artifacts/data_ingestion', 'source_url': 'https://github.com/KetkiMD/MLOPS-DVC-Pipeline-With-Deployments-AWS-Chicken-Disease-Classification-/blob/main/Chicken-fecal-images.zip', 'local_data_file': 'artifacts/data_ingestion/data.zip', 'unzip_dir': 'artifacts/data_ingestion'}]
[2024-07-15 12:14:47,526: INFO: cnnClassifierLogger: created directory at: artifact]
[2024-07-15 12:14:47,526: INFO: cnnClassifierLogger: Data Ingestion config: None]
[2024-07-15 12:21:55,594: INFO: cnnClassifierLogger: yaml file:config\config.yaml loaded successfully]
[2024-07-15 12:21:55,597: INFO: cnnClassifierLogger: yaml file:params.yaml loaded successfully]
[2024-07-15 12:21:55,598: INFO: cnnClassifierLogger: Config loaded: {'artifacts_root': 'artifact', 'data_ingestion': None, 'root_dir': 'artifacts/data_ingestion', 'source_url': 'https://github.com/KetkiMD/MLOPS-DVC-Pipeline-With-Deployments-AWS-Chicken-Disease-Classification-/blob/main/Chicken-fecal-images.zip', 'local_data_file': 'artifacts/data_ingestion/data.zip', 'unzip_dir': 'artifacts/data_ingestion'}]
[2024-07-15 12:21:55,600: INFO: cnnClassifierLogger: created directory at: artifact]
[2024-07-15 12:21:55,601: INFO: cnnClassifierLogger: Data Ingestion config: None]
[2024-07-15 12:22:01,446: INFO: cnnClassifierLogger: yaml file:config\config.yaml loaded successfully]
[2024-07-15 12:22:01,449: INFO: cnnClassifierLogger: yaml file:params.yaml loaded successfully]
[2024-07-15 12:22:01,450: INFO: cnnClassifierLogger: Config loaded: {'artifacts_root': 'artifact', 'data_ingestion': None, 'root_dir': 'artifacts/data_ingestion', 'source_url': 'https://github.com/KetkiMD/MLOPS-DVC-Pipeline-With-Deployments-AWS-Chicken-Disease-Classification-/blob/main/Chicken-fecal-images.zip', 'local_data_file': 'artifacts/data_ingestion/data.zip', 'unzip_dir': 'artifacts/data_ingestion'}]
[2024-07-15 12:22:01,451: INFO: cnnClassifierLogger: created directory at: artifact]
[2024-07-15 12:22:01,452: INFO: cnnClassifierLogger: Data Ingestion config: None]
[2024-07-15 12:28:26,591: INFO: cnnClassifierLogger: yaml file:config\config.yaml loaded successfully]
[2024-07-15 12:28:26,594: INFO: cnnClassifierLogger: yaml file:params.yaml loaded successfully]
[2024-07-15 12:28:26,594: INFO: cnnClassifierLogger: created directory at: artifact]
[2024-07-15 12:28:40,388: INFO: cnnClassifierLogger: yaml file:config\config.yaml loaded successfully]
[2024-07-15 12:28:40,391: INFO: cnnClassifierLogger: yaml file:params.yaml loaded successfully]
[2024-07-15 12:28:40,393: INFO: cnnClassifierLogger: created directory at: artifact]
[2024-07-15 12:33:19,677: INFO: cnnClassifierLogger: yaml file:config\config.yaml loaded successfully]
[2024-07-15 12:33:19,695: INFO: cnnClassifierLogger: yaml file:params.yaml loaded successfully]
[2024-07-15 12:33:19,697: INFO: cnnClassifierLogger: Config loaded: {'artifacts_root': 'artifact', 'data_ingestion': None, 'root_dir': 'artifacts/data_ingestion', 'source_url': 'https://github.com/KetkiMD/MLOPS-DVC-Pipeline-With-Deployments-AWS-Chicken-Disease-Classification-/blob/main/Chicken-fecal-images.zip', 'local_data_file': 'artifacts/data_ingestion/data.zip', 'unzip_dir': 'artifacts/data_ingestion'}]
[2024-07-15 12:33:19,700: INFO: cnnClassifierLogger: created directory at: artifact]
